Arguments: 
  /usr/local/bin/node /usr/local/Cellar/yarn/1.19.1/libexec/bin/yarn.js install

PATH: 
  /usr/local/bin:/usr/bin:/bin:/usr/sbin:/sbin:/Users/ratneshtiwari/stencil/node_modules/.bin

Yarn version: 
  1.19.1

Node version: 
  12.11.1

Platform: 
  darwin x64

Trace: 
  SyntaxError: /Users/ratneshtiwari/stencil/package.json: Unexpected token } in JSON at position 789
      at JSON.parse (<anonymous>)
      at /usr/local/Cellar/yarn/1.19.1/libexec/lib/cli.js:1625:59
      at Generator.next (<anonymous>)
      at step (/usr/local/Cellar/yarn/1.19.1/libexec/lib/cli.js:304:30)
      at /usr/local/Cellar/yarn/1.19.1/libexec/lib/cli.js:315:13

npm manifest: 
  {
    "name": "stencil-vega",
    "version": "0.0.1",
    "description": "Stencil Component Starter",
    "main": "dist/index.js",
    "module": "dist/index.mjs",
    "es2015": "dist/esm/index.mjs",
    "es2017": "dist/esm/index.mjs",
    "types": "dist/types/index.d.ts",
    "collection": "dist/collection/collection-manifest.json",
    "collection:main": "dist/collection/index.js",
    "unpkg": "dist/stencil-starter-project-name/stencil-starter-project-name.js",
    "files": [
      "dist/",
      "loader/"
    ],
    "scripts": {
      "build": "stencil build --docs",
      "start": "stencil build --dev --watch --serve",
      "test": "stencil test --spec --e2e",
      "test.watch": "stencil test --spec --e2e --watchAll",
      "generate": "stencil generate"
    },
    "devDependencies": {
      "@stencil/core": "1.3.3",
    },
    "dependencies": {
      "vega": "5.4.0",
      "vega-embed": "4.2.2",
      "vega-lite": "3.4.0"
    },
    "license": "MIT"
  }

yarn manifest: 
  No manifest

Lockfile: 
  No lockfile
